[debug] [2018-08-02T16:06:57.112Z] ----------------------------------------------------------------------
[debug] [2018-08-02T16:06:57.112Z] Command:       C:\Program Files\nodejs\node.exe C:\Users\Prashant\AppData\Roaming\npm\node_modules\firebase-tools\bin\firebase serve
[debug] [2018-08-02T16:06:57.112Z] CLI Version:   4.0.2
[debug] [2018-08-02T16:06:57.112Z] Platform:      win32
[debug] [2018-08-02T16:06:57.112Z] Node Version:  v8.11.3
[debug] [2018-08-02T16:06:57.112Z] Time:          Thu Aug 02 2018 21:36:57 GMT+0530 (India Standard Time)
[debug] [2018-08-02T16:06:57.112Z] ----------------------------------------------------------------------
[debug] 
[debug] [2018-08-02T16:06:57.128Z] > command requires scopes: ["email","openid","https://www.googleapis.com/auth/cloudplatformprojects.readonly","https://www.googleapis.com/auth/firebase","https://www.googleapis.com/auth/cloud-platform"]
[debug] [2018-08-02T16:06:57.128Z] > authorizing via signed-in user
[debug] [2018-08-02T16:06:57.128Z] > refreshing access token with scopes: ["email","https://www.googleapis.com/auth/cloud-platform","https://www.googleapis.com/auth/cloudplatformprojects.readonly","https://www.googleapis.com/auth/firebase","openid"]
[debug] [2018-08-02T16:06:57.128Z] >>> HTTP REQUEST POST https://www.googleapis.com/oauth2/v3/token  
 { refresh_token: '1/XwcdLHnBK3zi7WmcY8gYEC88oEq8-RScRr3XxagE0Sc',
  client_id: '563584335869-fgrhgmd47bqnekij5i8b5pr03ho849e6.apps.googleusercontent.com',
  client_secret: 'j9iVZfS8kkCEFUPaAeJV0sAi',
  grant_type: 'refresh_token',
  scope: 'email https://www.googleapis.com/auth/cloud-platform https://www.googleapis.com/auth/cloudplatformprojects.readonly https://www.googleapis.com/auth/firebase openid' } 
 Thu Aug 02 2018 21:36:57 GMT+0530 (India Standard Time)
[debug] [2018-08-02T16:06:58.412Z] <<< HTTP RESPONSE 200
[debug] [2018-08-02T16:06:58.459Z] >>> HTTP REQUEST GET https://admin.firebase.com/v1/projects/shots-aa5f0  
  
 Thu Aug 02 2018 21:36:58 GMT+0530 (India Standard Time)
[debug] [2018-08-02T16:07:01.160Z] <<< HTTP RESPONSE 200
[debug] [2018-08-02T16:07:01.160Z] >>> HTTP REQUEST GET https://admin.firebase.com/v1/database/shots-aa5f0/tokens  
  
 Thu Aug 02 2018 21:37:01 GMT+0530 (India Standard Time)
[debug] [2018-08-02T16:07:02.899Z] <<< HTTP RESPONSE 200
[debug] [2018-08-02T16:07:02.899Z] >>> HTTP REQUEST GET https://cloudresourcemanager.googleapis.com/v1/projects/shots-aa5f0  
  
 Thu Aug 02 2018 21:37:02 GMT+0530 (India Standard Time)
[debug] [2018-08-02T16:07:05.865Z] <<< HTTP RESPONSE 200
[info] 
[info] === Serving from 'D:\books\Android'...
[info] 
[info] i  functions: Preparing to emulate functions.
[debug] [2018-08-02T16:07:09.022Z] Fetching environment
[debug] [2018-08-02T16:07:09.037Z] >>> HTTP REQUEST GET https://mobilesdk-pa.googleapis.com/v1/projects/919425132547:getServerAppConfig  
  
 Thu Aug 02 2018 21:37:09 GMT+0530 (India Standard Time)
[debug] [2018-08-02T16:07:10.586Z] <<< HTTP RESPONSE 200
[debug] [2018-08-02T16:07:10.587Z] Starting @google-cloud/functions-emulator
[debug] [2018-08-02T16:07:14.449Z] Parsing function triggers
[warn] !  functions: Failed to load functions source code. Ensure that you have the latest SDK by running npm i --save firebase-functions inside the functions directory.
[debug] [2018-08-02T16:07:14.719Z] Error during trigger parsing:  Error parsing triggers: Cannot find module 'firebase-functions'

Try running "npm install" in your functions directory before deploying.
[warn] !  functions: Error from emulator. Error parsing triggers: Cannot find module 'firebase-functions'

Try running "npm install" in your functions directory before deploying.
[debug] [2018-08-02T16:07:14.735Z] 
